<component name="libraryTable">
  <library name="junit-4.9">
    <CLASSES>
      <root url="jar://E:/02_MyJava/07_JARåŒ…/junit-4.9.jar!/" />
    </CLASSES>
    <JAVADOC />
    <SOURCES />
  </library>
</component>